VaccinationCenter/app/build/intermediates/manifest_merge_blame_file/debug/manifest-merger-blame-debug-report.txt
1<?xml version="1.0" encoding="utf-8"?>
2<manifest xmlns:android="http://schemas.android.com/apk/res/android"
3    package="com.example.vaccinationcenter"
4    android:versionCode="1"
5    android:versionName="1.0" >
6
7    <uses-sdk
8        android:minSdkVersion="26"
8-->src\main\AndroidManifest.xml
9        android:targetSdkVersion="30" />
9-->src\main\AndroidManifest.xml
10
11    <uses-permission android:name="android.permission.INTERNET" />
11-->src\main\AndroidManifest.xml:5:5-66
11-->src\main\AndroidManifest.xml:5:22-64
12    <uses-permission android:name="android.permission.WRITE_EXTERNAL_STORAGE" />
12-->src\main\AndroidManifest.xml:6:5-80
12-->src\main\AndroidManifest.xml:6:22-78
13    <uses-permission android:name="android.permission.READ_EXTERNAL_STORAGE" />
13-->src\main\AndroidManifest.xml:7:5-79
13-->src\main\AndroidManifest.xml:7:22-77
14    <uses-permission android:name="android.permission.ACCESS_FINE_LOCATION" />
14-->src\main\AndroidManifest.xml:8:5-78
14-->src\main\AndroidManifest.xml:8:22-76
15
16    <!-- Include required permissions for Google Maps API to run. -->
17    <uses-permission android:name="android.permission.ACCESS_NETWORK_STATE" />
17-->[com.google.android.gms:play-services-maps:17.0.0] AndroidManifest.xml:23:5-79
17-->[com.google.android.gms:play-services-maps:17.0.0] AndroidManifest.xml:23:22-76
18
19    <uses-feature
19-->[com.google.android.gms:play-services-maps:17.0.0] AndroidManifest.xml:26:5-28:35
20        android:glEsVersion="0x00020000"
20-->[com.google.android.gms:play-services-maps:17.0.0] AndroidManifest.xml:27:9-41
21        android:required="true" />
21-->[com.google.android.gms:play-services-maps:17.0.0] AndroidManifest.xml:28:9-32
22
23    <application
23-->src\main\AndroidManifest.xml:10:5-32:19
24        android:allowBackup="true"
24-->src\main\AndroidManifest.xml:12:9-35
25        android:appComponentFactory="androidx.core.app.CoreComponentFactory"
25-->[androidx.core:core:1.6.0] AndroidManifest.xml:24:18-86
26        android:debuggable="true"
27        android:extractNativeLibs="false"
28        android:icon="@mipmap/ic_launcher"
28-->src\main\AndroidManifest.xml:13:9-43
29        android:label="@string/app_name"
29-->src\main\AndroidManifest.xml:14:9-41
30        android:roundIcon="@mipmap/ic_launcher_round"
30-->src\main\AndroidManifest.xml:15:9-54
31        android:supportsRtl="true"
31-->src\main\AndroidManifest.xml:16:9-35
32        android:testOnly="true"
33        android:theme="@style/Theme.VaccinationCenter"
33-->src\main\AndroidManifest.xml:17:9-55
34        android:usesCleartextTraffic="true" >
34-->src\main\AndroidManifest.xml:11:9-44
35        <meta-data
35-->src\main\AndroidManifest.xml:19:9-21:70
36            android:name="com.google.android.geo.API_KEY"
36-->src\main\AndroidManifest.xml:20:13-58
37            android:value="AIzaSyBUHECi_ZAM1-1ZM_wRidLBg8Iw8-Wqnow" />
37-->src\main\AndroidManifest.xml:21:13-68
38
39        <activity android:name="com.example.vaccinationcenter.activity.MainActivity" >
39-->src\main\AndroidManifest.xml:22:9-28:20
39-->src\main\AndroidManifest.xml:22:19-56
40            <intent-filter>
40-->src\main\AndroidManifest.xml:23:13-27:29
41                <action android:name="android.intent.action.MAIN" />
41-->src\main\AndroidManifest.xml:24:17-69
41-->src\main\AndroidManifest.xml:24:25-66
42
43                <category android:name="android.intent.category.LAUNCHER" />
43-->src\main\AndroidManifest.xml:26:17-77
43-->src\main\AndroidManifest.xml:26:27-74
44            </intent-filter>
45        </activity>
46        <activity
46-->src\main\AndroidManifest.xml:30:9-31:66
47            android:name="com.example.vaccinationcenter.activity.SelectedActivity"
47-->src\main\AndroidManifest.xml:30:19-60
48            android:parentActivityName="com.example.vaccinationcenter.activity.MainActivity" />
48-->src\main\AndroidManifest.xml:31:13-64
49
50        <meta-data
50-->[com.google.maps.android:android-maps-utils:0.6.1] AndroidManifest.xml:8:9-10:69
51            android:name="com.google.android.gms.version"
51-->[com.google.maps.android:android-maps-utils:0.6.1] AndroidManifest.xml:9:13-58
52            android:value="@integer/google_play_services_version" /> <!-- Needs to be explicitly declared on P+ -->
52-->[com.google.maps.android:android-maps-utils:0.6.1] AndroidManifest.xml:10:13-66
53        <uses-library
53-->[com.google.android.gms:play-services-maps:17.0.0] AndroidManifest.xml:33:9-35:40
54            android:name="org.apache.http.legacy"
54-->[com.google.android.gms:play-services-maps:17.0.0] AndroidManifest.xml:34:13-50
55            android:required="false" />
55-->[com.google.android.gms:play-services-maps:17.0.0] AndroidManifest.xml:35:13-37
56
57        <service
57-->[androidx.room:room-runtime:2.3.0] AndroidManifest.xml:25:9-28:40
58            android:name="androidx.room.MultiInstanceInvalidationService"
58-->[androidx.room:room-runtime:2.3.0] AndroidManifest.xml:26:13-74
59            android:directBootAware="true"
59-->[androidx.room:room-runtime:2.3.0] AndroidManifest.xml:27:13-43
60            android:exported="false" />
60-->[androidx.room:room-runtime:2.3.0] AndroidManifest.xml:28:13-37
61
62        <activity
62-->[com.google.android.gms:play-services-base:17.0.0] AndroidManifest.xml:23:9-26:75
63            android:name="com.google.android.gms.common.api.GoogleApiActivity"
63-->[com.google.android.gms:play-services-base:17.0.0] AndroidManifest.xml:24:13-79
64            android:exported="false"
64-->[com.google.android.gms:play-services-base:17.0.0] AndroidManifest.xml:25:13-37
65            android:theme="@android:style/Theme.Translucent.NoTitleBar" />
65-->[com.google.android.gms:play-services-base:17.0.0] AndroidManifest.xml:26:13-72
66    </application>
67
68</manifest>